Using pre-set license
Built from '2020.3/china_unity/release' branch; Version is '2021.3.41f1c1 (abf9ed549ceb) revision 11270637'; Using compiler version '192829333'; Build Type 'Release'
OS: 'Windows 10  (10.0.19044) 64bit Professional' Language: 'zh' Physical Memory: 65375 MB
BatchMode: 1, IsHumanControllingUs: 0, StartBugReporterOnCrash: 0, Is64bit: 1, IsPro: 1

COMMAND LINE ARGUMENTS:
C:\Program Files\Unity\Hub\Editor\2021.3.41f1c1\Editor\Unity.exe
-adb2
-batchMode
-noUpm
-name
AssetImportWorker4
-projectPath
D:/BaiduNetdiskDownload/拉栓/Plumber Ultimate
-logFile
Logs/AssetImportWorker4.log
-srvPort
60077
Successfully changed project path to: D:/BaiduNetdiskDownload/拉栓/Plumber Ultimate
D:/BaiduNetdiskDownload/拉栓/Plumber Ultimate
[UnityMemory] Configuration Parameters - Can be set up in boot.config
    "memorysetup-bucket-allocator-granularity=16"
    "memorysetup-bucket-allocator-bucket-count=8"
    "memorysetup-bucket-allocator-block-size=33554432"
    "memorysetup-bucket-allocator-block-count=8"
    "memorysetup-main-allocator-block-size=16777216"
    "memorysetup-thread-allocator-block-size=16777216"
    "memorysetup-gfx-main-allocator-block-size=16777216"
    "memorysetup-gfx-thread-allocator-block-size=16777216"
    "memorysetup-cache-allocator-block-size=4194304"
    "memorysetup-typetree-allocator-block-size=2097152"
    "memorysetup-profiler-bucket-allocator-granularity=16"
    "memorysetup-profiler-bucket-allocator-bucket-count=8"
    "memorysetup-profiler-bucket-allocator-block-size=33554432"
    "memorysetup-profiler-bucket-allocator-block-count=8"
    "memorysetup-profiler-allocator-block-size=16777216"
    "memorysetup-profiler-editor-allocator-block-size=1048576"
    "memorysetup-temp-allocator-size-main=16777216"
    "memorysetup-job-temp-allocator-block-size=2097152"
    "memorysetup-job-temp-allocator-block-size-background=1048576"
    "memorysetup-job-temp-allocator-reduction-small-platforms=262144"
    "memorysetup-temp-allocator-size-background-worker=32768"
    "memorysetup-temp-allocator-size-job-worker=262144"
    "memorysetup-temp-allocator-size-preload-manager=33554432"
    "memorysetup-temp-allocator-size-nav-mesh-worker=65536"
    "memorysetup-temp-allocator-size-audio-worker=65536"
    "memorysetup-temp-allocator-size-cloud-worker=32768"
    "memorysetup-temp-allocator-size-gi-baking-worker=262144"
    "memorysetup-temp-allocator-size-gfx=262144"
Player connection [18612] Host "[IP] 192.168.31.197 [Port] 0 [Flags] 2 [Guid] 2146733376 [EditorId] 2146733376 [Version] 1048832 [Id] WindowsEditor(7,DS-202405191929) [Debug] 1 [PackageName] WindowsEditor [ProjectName] Editor" joined multi-casting on [225.0.0.222:54997]...

Player connection [18612] Host "[IP] 192.168.31.197 [Port] 0 [Flags] 2 [Guid] 2146733376 [EditorId] 2146733376 [Version] 1048832 [Id] WindowsEditor(7,DS-202405191929) [Debug] 1 [PackageName] WindowsEditor [ProjectName] Editor" joined alternative multi-casting on [225.0.0.222:34997]...

AS: AutoStreaming module initializing.
[Physics::Module] Initialized MultithreadedJobDispatcher with {0} workers.
Refreshing native plugins compatible for Editor in 56.38 ms, found 2 plugins.
Preloading 0 native plugins for Editor in 0.00 ms.
Initialize engine version: 2021.3.41f1c1 (abf9ed549ceb)
[Subsystems] Discovering subsystems at path C:/Program Files/Unity/Hub/Editor/2021.3.41f1c1/Editor/Data/Resources/UnitySubsystems
[Subsystems] Discovering subsystems at path D:/BaiduNetdiskDownload/拉栓/Plumber Ultimate/Assets
GfxDevice: creating device client; threaded=0; jobified=0
Direct3D:
    Version:  Direct3D 11.0 [level 11.1]
    Renderer: NVIDIA GeForce RTX 2060 (ID=0x1f08)
    Vendor:   NVIDIA
    VRAM:     5969 MB
    Driver:   31.0.15.4629
Initialize mono
Mono path[0] = 'C:/Program Files/Unity/Hub/Editor/2021.3.41f1c1/Editor/Data/Managed'
Mono path[1] = 'C:/Program Files/Unity/Hub/Editor/2021.3.41f1c1/Editor/Data/MonoBleedingEdge/lib/mono/unityjit-win32'
Mono config path = 'C:/Program Files/Unity/Hub/Editor/2021.3.41f1c1/Editor/Data/MonoBleedingEdge/etc'
Using monoOptions --debugger-agent=transport=dt_socket,embedding=1,server=y,suspend=n,address=127.0.0.1:56228
Begin MonoManager ReloadAssembly
Registering precompiled unity dll's ...
Register platform support module: C:/Program Files/Unity/Hub/Editor/2021.3.41f1c1/Editor/Data/PlaybackEngines/WebGLSupport/UnityEditor.WebGL.Extensions.dll
Register platform support module: C:/Program Files/Unity/Hub/Editor/2021.3.41f1c1/Editor/Data/PlaybackEngines/AndroidPlayer/UnityEditor.Android.Extensions.dll
Register platform support module: C:/Program Files/Unity/Hub/Editor/2021.3.41f1c1/Editor/Data/PlaybackEngines/iOSSupport/UnityEditor.iOS.Extensions.dll
Register platform support module: C:/Program Files/Unity/Hub/Editor/2021.3.41f1c1/Editor/Data/PlaybackEngines/WindowsStandaloneSupport/UnityEditor.WindowsStandalone.Extensions.dll
Registered in 0.010853 seconds.
Native extension for WindowsStandalone target not found
[usbmuxd] Start listen thread
[usbmuxd] Listen thread started
Native extension for iOS target not found
Native extension for Android target not found
Android Extension - Scanning For ADB Devices 347 ms
Native extension for WebGL target not found
Refreshing native plugins compatible for Editor in 43.47 ms, found 2 plugins.
Preloading 0 native plugins for Editor in 0.00 ms.
Mono: successfully reloaded assembly
- Completed reload, in  1.320 seconds
Domain Reload Profiling:
	ReloadAssembly (1321ms)
		BeginReloadAssembly (143ms)
			ExecutionOrderSort (0ms)
			DisableScriptedObjects (0ms)
			BackupInstance (0ms)
			ReleaseScriptingObjects (0ms)
			CreateAndSetChildDomain (1ms)
		EndReloadAssembly (1033ms)
			LoadAssemblies (139ms)
			RebuildTransferFunctionScriptingTraits (0ms)
			SetupTypeCache (156ms)
			ReleaseScriptCaches (0ms)
			RebuildScriptCaches (43ms)
			SetupLoadedEditorAssemblies (774ms)
				LogAssemblyErrors (0ms)
				InitializePlatformSupportModulesInManaged (533ms)
				SetLoadedEditorAssemblies (0ms)
				RefreshPlugins (44ms)
				BeforeProcessingInitializeOnLoad (2ms)
				ProcessInitializeOnLoadAttributes (136ms)
				ProcessInitializeOnLoadMethodAttributes (59ms)
				AfterProcessingInitializeOnLoad (0ms)
				EditorAssembliesLoaded (0ms)
			ExecutionOrderSort2 (0ms)
			AwakeInstancesAfterBackupRestoration (0ms)
Platform modules already initialized, skipping
Registering precompiled user dll's ...
Registered in 0.011061 seconds.
Begin MonoManager ReloadAssembly
Symbol file LoadedFromMemory is not a mono symbol file
Unable to load attribute info on method UnityEngine.ParticleEmitter:get_emit (). Are you missing a reference?
Could not load signature of UnityEngine.Analytics.AnalyticsEventTracker:SendEvent due to: Could not resolve type with token 0100000a from typeref (expected class 'UnityEngine.Analytics.AnalyticsResult' in assembly 'UnityEngine.UnityAnalyticsModule, Version=0.0.0.0, Culture=neutral, PublicKeyToken=null') assembly:UnityEngine.UnityAnalyticsModule, Version=0.0.0.0, Culture=neutral, PublicKeyToken=null type:UnityEngine.Analytics.AnalyticsResult member:(null)
Unloading broken assembly Assets/Plugins/UnityEngine.ParticlesLegacyModule.dll, this assembly can cause crashes in the runtime
Native extension for WindowsStandalone target not found
Native extension for iOS target not found
Native extension for Android target not found
Native extension for WebGL target not found
Refreshing native plugins compatible for Editor in 0.93 ms, found 2 plugins.
Preloading 0 native plugins for Editor in 0.00 ms.
Package Manager log level set to [2]
[Package Manager] Server::EnsureServerProcessIsRunning -- launch failed, reason: Unity was launched with the -noUpm command-line argument
[Package Manager] Cannot connect to Unity Package Manager local server
Mono: successfully reloaded assembly
- Completed reload, in  2.030 seconds
Domain Reload Profiling:
	ReloadAssembly (2031ms)
		BeginReloadAssembly (221ms)
			ExecutionOrderSort (0ms)
			DisableScriptedObjects (9ms)
			BackupInstance (0ms)
			ReleaseScriptingObjects (0ms)
			CreateAndSetChildDomain (43ms)
		EndReloadAssembly (1633ms)
			LoadAssemblies (159ms)
			RebuildTransferFunctionScriptingTraits (0ms)
			SetupTypeCache (310ms)
			ReleaseScriptCaches (1ms)
			RebuildScriptCaches (68ms)
			SetupLoadedEditorAssemblies (1087ms)
				LogAssemblyErrors (0ms)
				InitializePlatformSupportModulesInManaged (45ms)
				SetLoadedEditorAssemblies (1ms)
				RefreshPlugins (1ms)
				BeforeProcessingInitializeOnLoad (81ms)
				ProcessInitializeOnLoadAttributes (691ms)
				ProcessInitializeOnLoadMethodAttributes (255ms)
				AfterProcessingInitializeOnLoad (13ms)
				EditorAssembliesLoaded (0ms)
			ExecutionOrderSort2 (0ms)
			AwakeInstancesAfterBackupRestoration (8ms)
Platform modules already initialized, skipping
========================================================================
Worker process is ready to serve import requests
Launched and connected shader compiler UnityShaderCompiler.exe after 0.08 seconds
Refreshing native plugins compatible for Editor in 0.87 ms, found 2 plugins.
Preloading 0 native plugins for Editor in 0.00 ms.
Unloading 2514 Unused Serialized files (Serialized files now loaded: 0)
Unloading 62 unused Assets / (48.0 KB). Loaded Objects now: 2977.
Memory consumption went from 103.4 MB to 103.3 MB.
Total: 8.806800 ms (FindLiveObjects: 0.286300 ms CreateObjectMapping: 0.137500 ms MarkObjects: 8.263900 ms  DeleteObjects: 0.118100 ms)

AssetImportParameters requested are different than current active one (requested -> active):
  custom:video-decoder-ogg-theora: a1e56fd34408186e4bbccfd4996cb3dc -> 
  custom:container-muxer-webm: aa71ff27fc2769a1b78a27578f13a17b -> 
  custom:container-demuxer-webm: 4f35f7cbe854078d1ac9338744f61a02 -> 
  custom:video-encoder-webm-vp8: eb34c28f22e8b96e1ab97ce403110664 -> 
  custom:CustomObjectIndexerAttribute: bc11b3a6c3213fcdd17b65e7da85e133 -> 
  custom:audio-encoder-webm-vorbis: bf7c407c2cedff20999df2af8eb42d56 -> 
  custom:framework-win-MediaFoundation: 216162199b28c13a410421893ffa2e32 -> 
  custom:SearchIndexIgnoredProperties: e643bd26f0fe6173181afceb89e7c659 -> 
  custom:container-demuxer-ogg: 62fdf1f143b41e24485cea50d1cbac27 -> 
  custom:video-decoder-webm-vp8: 9c59270c3fd7afecdb556c50c9e8de78 -> 
  custom:audio-decoder-ogg-vorbis: bf7c407c2cedff20999df2af8eb42d56 -> 
========================================================================
Received Import Request.
  Time since last request: 4199.474313 seconds.
  path: Assets/Images 1/市场营销_ 媒体_ 运动员_ 社交的_ 视频_ 网站_ Yo_爱给网_aigei_com.png
  artifactKey: Guid(57614a3a94671bb429b6e6657de88ce3) Importer(815301076,1909f56bfc062723c751e8b465ee728b)
Number of updated assets reloaded before import = 0
Start importing Assets/Images 1/市场营销_ 媒体_ 运动员_ 社交的_ 视频_ 网站_ Yo_爱给网_aigei_com.png using Guid(57614a3a94671bb429b6e6657de88ce3) Importer(815301076,1909f56bfc062723c751e8b465ee728b)  -> (artifact id: '63996e39fbe702cc70bd587e041a8e37') in 0.143449 seconds 
Number of asset objects unloaded after import = 2
========================================================================
Received Import Request.
  Time since last request: 0.246637 seconds.
  path: Assets/Images 1/cebianlan1.png
  artifactKey: Guid(da091e8d36feb7a49861299b416b3050) Importer(815301076,1909f56bfc062723c751e8b465ee728b)
Number of updated assets reloaded before import = 0
Start importing Assets/Images 1/cebianlan1.png using Guid(da091e8d36feb7a49861299b416b3050) Importer(815301076,1909f56bfc062723c751e8b465ee728b)  -> (artifact id: '2ba828ce63f5fcecfa1043c81cbc019e') in 0.008147 seconds 
Number of asset objects unloaded after import = 2
========================================================================
Received Import Request.
  Time since last request: 0.270248 seconds.
  path: Assets/Images 1/cebianlan.png
  artifactKey: Guid(861a2d1bfa8aaa744bea9266749d0aa1) Importer(815301076,1909f56bfc062723c751e8b465ee728b)
Number of updated assets reloaded before import = 0
Start importing Assets/Images 1/cebianlan.png using Guid(861a2d1bfa8aaa744bea9266749d0aa1) Importer(815301076,1909f56bfc062723c751e8b465ee728b)  -> (artifact id: 'ab17f04f00d00363e609c628627e4a17') in 0.008902 seconds 
Number of asset objects unloaded after import = 2
========================================================================
Received Prepare
Registering precompiled user dll's ...
Registered in 0.010457 seconds.
Could not load signature of UnityEngine.Analytics.AnalyticsEventTracker:SendEvent due to: Could not resolve type with token 0100000a from typeref (expected class 'UnityEngine.Analytics.AnalyticsResult' in assembly 'UnityEngine.UnityAnalyticsModule, Version=0.0.0.0, Culture=neutral, PublicKeyToken=null') assembly:UnityEngine.UnityAnalyticsModule, Version=0.0.0.0, Culture=neutral, PublicKeyToken=null type:UnityEngine.Analytics.AnalyticsResult member:(null)
Begin MonoManager ReloadAssembly
Symbol file LoadedFromMemory is not a mono symbol file
Unable to load attribute info on method UnityEngine.ParticleEmitter:get_emit (). Are you missing a reference?
Could not load signature of UnityEngine.Analytics.AnalyticsEventTracker:SendEvent due to: Could not resolve type with token 0100000a from typeref (expected class 'UnityEngine.Analytics.AnalyticsResult' in assembly 'UnityEngine.UnityAnalyticsModule, Version=0.0.0.0, Culture=neutral, PublicKeyToken=null') assembly:UnityEngine.UnityAnalyticsModule, Version=0.0.0.0, Culture=neutral, PublicKeyToken=null type:UnityEngine.Analytics.AnalyticsResult member:(null)
Unloading broken assembly Assets/Plugins/UnityEngine.ParticlesLegacyModule.dll, this assembly can cause crashes in the runtime
Native extension for WindowsStandalone target not found
Native extension for iOS target not found
Native extension for Android target not found
Native extension for WebGL target not found
Refreshing native plugins compatible for Editor in 0.92 ms, found 2 plugins.
Preloading 0 native plugins for Editor in 0.00 ms.
[Package Manager] Server::EnsureServerProcessIsRunning -- launch failed, reason: Unity was launched with the -noUpm command-line argument
[Package Manager] Cannot connect to Unity Package Manager local server
Mono: successfully reloaded assembly
- Completed reload, in  2.030 seconds
Domain Reload Profiling:
	ReloadAssembly (2031ms)
		BeginReloadAssembly (206ms)
			ExecutionOrderSort (0ms)
			DisableScriptedObjects (10ms)
			BackupInstance (0ms)
			ReleaseScriptingObjects (0ms)
			CreateAndSetChildDomain (55ms)
		EndReloadAssembly (1685ms)
			LoadAssemblies (133ms)
			RebuildTransferFunctionScriptingTraits (0ms)
			SetupTypeCache (312ms)
			ReleaseScriptCaches (2ms)
			RebuildScriptCaches (75ms)
			SetupLoadedEditorAssemblies (1115ms)
				LogAssemblyErrors (0ms)
				InitializePlatformSupportModulesInManaged (44ms)
				SetLoadedEditorAssemblies (1ms)
				RefreshPlugins (1ms)
				BeforeProcessingInitializeOnLoad (82ms)
				ProcessInitializeOnLoadAttributes (712ms)
				ProcessInitializeOnLoadMethodAttributes (264ms)
				AfterProcessingInitializeOnLoad (12ms)
				EditorAssembliesLoaded (0ms)
			ExecutionOrderSort2 (0ms)
			AwakeInstancesAfterBackupRestoration (16ms)
Platform modules already initialized, skipping
Refreshing native plugins compatible for Editor in 0.80 ms, found 2 plugins.
Preloading 0 native plugins for Editor in 0.00 ms.
Unloading 2495 Unused Serialized files (Serialized files now loaded: 0)
Unloading 53 unused Assets / (23.0 KB). Loaded Objects now: 2983.
Memory consumption went from 101.5 MB to 101.5 MB.
Total: 8.520600 ms (FindLiveObjects: 0.422200 ms CreateObjectMapping: 0.296900 ms MarkObjects: 7.732500 ms  DeleteObjects: 0.066700 ms)

AssetImportParameters requested are different than current active one (requested -> active):
  custom:video-decoder-ogg-theora: a1e56fd34408186e4bbccfd4996cb3dc -> 
  custom:container-muxer-webm: aa71ff27fc2769a1b78a27578f13a17b -> 
  custom:container-demuxer-webm: 4f35f7cbe854078d1ac9338744f61a02 -> 
  custom:video-encoder-webm-vp8: eb34c28f22e8b96e1ab97ce403110664 -> 
  custom:CustomObjectIndexerAttribute: bc11b3a6c3213fcdd17b65e7da85e133 -> 
  custom:audio-encoder-webm-vorbis: bf7c407c2cedff20999df2af8eb42d56 -> 
  custom:framework-win-MediaFoundation: 216162199b28c13a410421893ffa2e32 -> 
  custom:SearchIndexIgnoredProperties: e643bd26f0fe6173181afceb89e7c659 -> 
  custom:container-demuxer-ogg: 62fdf1f143b41e24485cea50d1cbac27 -> 
  custom:video-decoder-webm-vp8: 9c59270c3fd7afecdb556c50c9e8de78 -> 
  custom:audio-decoder-ogg-vorbis: bf7c407c2cedff20999df2af8eb42d56 -> 
========================================================================
Received Prepare
Registering precompiled user dll's ...
Registered in 0.010528 seconds.
Could not load signature of UnityEngine.Analytics.AnalyticsEventTracker:SendEvent due to: Could not resolve type with token 0100000a from typeref (expected class 'UnityEngine.Analytics.AnalyticsResult' in assembly 'UnityEngine.UnityAnalyticsModule, Version=0.0.0.0, Culture=neutral, PublicKeyToken=null') assembly:UnityEngine.UnityAnalyticsModule, Version=0.0.0.0, Culture=neutral, PublicKeyToken=null type:UnityEngine.Analytics.AnalyticsResult member:(null)
Begin MonoManager ReloadAssembly
Symbol file LoadedFromMemory is not a mono symbol file
Unable to load attribute info on method UnityEngine.ParticleEmitter:get_emit (). Are you missing a reference?
Could not load signature of UnityEngine.Analytics.AnalyticsEventTracker:SendEvent due to: Could not resolve type with token 0100000a from typeref (expected class 'UnityEngine.Analytics.AnalyticsResult' in assembly 'UnityEngine.UnityAnalyticsModule, Version=0.0.0.0, Culture=neutral, PublicKeyToken=null') assembly:UnityEngine.UnityAnalyticsModule, Version=0.0.0.0, Culture=neutral, PublicKeyToken=null type:UnityEngine.Analytics.AnalyticsResult member:(null)
Unloading broken assembly Assets/Plugins/UnityEngine.ParticlesLegacyModule.dll, this assembly can cause crashes in the runtime
Native extension for WindowsStandalone target not found
Native extension for iOS target not found
Native extension for Android target not found
Native extension for WebGL target not found
Refreshing native plugins compatible for Editor in 0.92 ms, found 2 plugins.
Preloading 0 native plugins for Editor in 0.00 ms.
[Package Manager] Server::EnsureServerProcessIsRunning -- launch failed, reason: Unity was launched with the -noUpm command-line argument
[Package Manager] Cannot connect to Unity Package Manager local server
Mono: successfully reloaded assembly
- Completed reload, in  1.993 seconds
Domain Reload Profiling:
	ReloadAssembly (1994ms)
		BeginReloadAssembly (222ms)
			ExecutionOrderSort (0ms)
			DisableScriptedObjects (10ms)
			BackupInstance (0ms)
			ReleaseScriptingObjects (0ms)
			CreateAndSetChildDomain (60ms)
		EndReloadAssembly (1631ms)
			LoadAssemblies (138ms)
			RebuildTransferFunctionScriptingTraits (0ms)
			SetupTypeCache (296ms)
			ReleaseScriptCaches (2ms)
			RebuildScriptCaches (71ms)
			SetupLoadedEditorAssemblies (1088ms)
				LogAssemblyErrors (0ms)
				InitializePlatformSupportModulesInManaged (47ms)
				SetLoadedEditorAssemblies (1ms)
				RefreshPlugins (1ms)
				BeforeProcessingInitializeOnLoad (85ms)
				ProcessInitializeOnLoadAttributes (694ms)
				ProcessInitializeOnLoadMethodAttributes (249ms)
				AfterProcessingInitializeOnLoad (12ms)
				EditorAssembliesLoaded (0ms)
			ExecutionOrderSort2 (0ms)
			AwakeInstancesAfterBackupRestoration (7ms)
Platform modules already initialized, skipping
Refreshing native plugins compatible for Editor in 0.75 ms, found 2 plugins.
Preloading 0 native plugins for Editor in 0.00 ms.
Unloading 2495 Unused Serialized files (Serialized files now loaded: 0)
Unloading 53 unused Assets / (23.0 KB). Loaded Objects now: 2986.
Memory consumption went from 101.5 MB to 101.5 MB.
Total: 16.435800 ms (FindLiveObjects: 0.394100 ms CreateObjectMapping: 0.288900 ms MarkObjects: 15.719500 ms  DeleteObjects: 0.031900 ms)

AssetImportParameters requested are different than current active one (requested -> active):
  custom:video-decoder-ogg-theora: a1e56fd34408186e4bbccfd4996cb3dc -> 
  custom:container-muxer-webm: aa71ff27fc2769a1b78a27578f13a17b -> 
  custom:container-demuxer-webm: 4f35f7cbe854078d1ac9338744f61a02 -> 
  custom:video-encoder-webm-vp8: eb34c28f22e8b96e1ab97ce403110664 -> 
  custom:CustomObjectIndexerAttribute: bc11b3a6c3213fcdd17b65e7da85e133 -> 
  custom:audio-encoder-webm-vorbis: bf7c407c2cedff20999df2af8eb42d56 -> 
  custom:framework-win-MediaFoundation: 216162199b28c13a410421893ffa2e32 -> 
  custom:SearchIndexIgnoredProperties: e643bd26f0fe6173181afceb89e7c659 -> 
  custom:container-demuxer-ogg: 62fdf1f143b41e24485cea50d1cbac27 -> 
  custom:video-decoder-webm-vp8: 9c59270c3fd7afecdb556c50c9e8de78 -> 
  custom:audio-decoder-ogg-vorbis: bf7c407c2cedff20999df2af8eb42d56 -> 
========================================================================
Received Prepare
Registering precompiled user dll's ...
Registered in 0.010657 seconds.
Could not load signature of UnityEngine.Analytics.AnalyticsEventTracker:SendEvent due to: Could not resolve type with token 0100000a from typeref (expected class 'UnityEngine.Analytics.AnalyticsResult' in assembly 'UnityEngine.UnityAnalyticsModule, Version=0.0.0.0, Culture=neutral, PublicKeyToken=null') assembly:UnityEngine.UnityAnalyticsModule, Version=0.0.0.0, Culture=neutral, PublicKeyToken=null type:UnityEngine.Analytics.AnalyticsResult member:(null)
Begin MonoManager ReloadAssembly
Symbol file LoadedFromMemory is not a mono symbol file
Unable to load attribute info on method UnityEngine.ParticleEmitter:get_emit (). Are you missing a reference?
Could not load signature of UnityEngine.Analytics.AnalyticsEventTracker:SendEvent due to: Could not resolve type with token 0100000a from typeref (expected class 'UnityEngine.Analytics.AnalyticsResult' in assembly 'UnityEngine.UnityAnalyticsModule, Version=0.0.0.0, Culture=neutral, PublicKeyToken=null') assembly:UnityEngine.UnityAnalyticsModule, Version=0.0.0.0, Culture=neutral, PublicKeyToken=null type:UnityEngine.Analytics.AnalyticsResult member:(null)
Unloading broken assembly Assets/Plugins/UnityEngine.ParticlesLegacyModule.dll, this assembly can cause crashes in the runtime
Native extension for WindowsStandalone target not found
Native extension for iOS target not found
Native extension for Android target not found
Native extension for WebGL target not found
Refreshing native plugins compatible for Editor in 0.97 ms, found 2 plugins.
Preloading 0 native plugins for Editor in 0.00 ms.
[Package Manager] Server::EnsureServerProcessIsRunning -- launch failed, reason: Unity was launched with the -noUpm command-line argument
[Package Manager] Cannot connect to Unity Package Manager local server
Mono: successfully reloaded assembly
- Completed reload, in  1.937 seconds
Domain Reload Profiling:
	ReloadAssembly (1938ms)
		BeginReloadAssembly (214ms)
			ExecutionOrderSort (0ms)
			DisableScriptedObjects (10ms)
			BackupInstance (0ms)
			ReleaseScriptingObjects (0ms)
			CreateAndSetChildDomain (65ms)
		EndReloadAssembly (1589ms)
			LoadAssemblies (132ms)
			RebuildTransferFunctionScriptingTraits (0ms)
			SetupTypeCache (289ms)
			ReleaseScriptCaches (2ms)
			RebuildScriptCaches (72ms)
			SetupLoadedEditorAssemblies (1067ms)
				LogAssemblyErrors (0ms)
				InitializePlatformSupportModulesInManaged (44ms)
				SetLoadedEditorAssemblies (1ms)
				RefreshPlugins (1ms)
				BeforeProcessingInitializeOnLoad (84ms)
				ProcessInitializeOnLoadAttributes (691ms)
				ProcessInitializeOnLoadMethodAttributes (234ms)
				AfterProcessingInitializeOnLoad (11ms)
				EditorAssembliesLoaded (0ms)
			ExecutionOrderSort2 (0ms)
			AwakeInstancesAfterBackupRestoration (7ms)
Platform modules already initialized, skipping
Refreshing native plugins compatible for Editor in 0.72 ms, found 2 plugins.
Preloading 0 native plugins for Editor in 0.00 ms.
Unloading 2495 Unused Serialized files (Serialized files now loaded: 0)
Unloading 53 unused Assets / (23.0 KB). Loaded Objects now: 2989.
Memory consumption went from 101.5 MB to 101.5 MB.
Total: 11.352000 ms (FindLiveObjects: 0.287000 ms CreateObjectMapping: 0.142900 ms MarkObjects: 10.856300 ms  DeleteObjects: 0.064200 ms)

AssetImportParameters requested are different than current active one (requested -> active):
  custom:video-decoder-ogg-theora: a1e56fd34408186e4bbccfd4996cb3dc -> 
  custom:container-muxer-webm: aa71ff27fc2769a1b78a27578f13a17b -> 
  custom:container-demuxer-webm: 4f35f7cbe854078d1ac9338744f61a02 -> 
  custom:video-encoder-webm-vp8: eb34c28f22e8b96e1ab97ce403110664 -> 
  custom:CustomObjectIndexerAttribute: bc11b3a6c3213fcdd17b65e7da85e133 -> 
  custom:audio-encoder-webm-vorbis: bf7c407c2cedff20999df2af8eb42d56 -> 
  custom:framework-win-MediaFoundation: 216162199b28c13a410421893ffa2e32 -> 
  custom:SearchIndexIgnoredProperties: e643bd26f0fe6173181afceb89e7c659 -> 
  custom:container-demuxer-ogg: 62fdf1f143b41e24485cea50d1cbac27 -> 
  custom:video-decoder-webm-vp8: 9c59270c3fd7afecdb556c50c9e8de78 -> 
  custom:audio-decoder-ogg-vorbis: bf7c407c2cedff20999df2af8eb42d56 -> 
========================================================================
Received Prepare
Registering precompiled user dll's ...
Registered in 0.010389 seconds.
Could not load signature of UnityEngine.Analytics.AnalyticsEventTracker:SendEvent due to: Could not resolve type with token 0100000a from typeref (expected class 'UnityEngine.Analytics.AnalyticsResult' in assembly 'UnityEngine.UnityAnalyticsModule, Version=0.0.0.0, Culture=neutral, PublicKeyToken=null') assembly:UnityEngine.UnityAnalyticsModule, Version=0.0.0.0, Culture=neutral, PublicKeyToken=null type:UnityEngine.Analytics.AnalyticsResult member:(null)
Begin MonoManager ReloadAssembly
Symbol file LoadedFromMemory is not a mono symbol file
Unable to load attribute info on method UnityEngine.ParticleEmitter:get_emit (). Are you missing a reference?
Could not load signature of UnityEngine.Analytics.AnalyticsEventTracker:SendEvent due to: Could not resolve type with token 0100000a from typeref (expected class 'UnityEngine.Analytics.AnalyticsResult' in assembly 'UnityEngine.UnityAnalyticsModule, Version=0.0.0.0, Culture=neutral, PublicKeyToken=null') assembly:UnityEngine.UnityAnalyticsModule, Version=0.0.0.0, Culture=neutral, PublicKeyToken=null type:UnityEngine.Analytics.AnalyticsResult member:(null)
Unloading broken assembly Assets/Plugins/UnityEngine.ParticlesLegacyModule.dll, this assembly can cause crashes in the runtime
Native extension for WindowsStandalone target not found
Native extension for iOS target not found
Native extension for Android target not found
Native extension for WebGL target not found
Refreshing native plugins compatible for Editor in 0.91 ms, found 2 plugins.
Preloading 0 native plugins for Editor in 0.00 ms.
[Package Manager] Server::EnsureServerProcessIsRunning -- launch failed, reason: Unity was launched with the -noUpm command-line argument
[Package Manager] Cannot connect to Unity Package Manager local server
Mono: successfully reloaded assembly
- Completed reload, in  1.918 seconds
Domain Reload Profiling:
	ReloadAssembly (1919ms)
		BeginReloadAssembly (221ms)
			ExecutionOrderSort (0ms)
			DisableScriptedObjects (11ms)
			BackupInstance (0ms)
			ReleaseScriptingObjects (0ms)
			CreateAndSetChildDomain (58ms)
		EndReloadAssembly (1562ms)
			LoadAssemblies (136ms)
			RebuildTransferFunctionScriptingTraits (0ms)
			SetupTypeCache (306ms)
			ReleaseScriptCaches (2ms)
			RebuildScriptCaches (68ms)
			SetupLoadedEditorAssemblies (1025ms)
				LogAssemblyErrors (0ms)
				InitializePlatformSupportModulesInManaged (46ms)
				SetLoadedEditorAssemblies (1ms)
				RefreshPlugins (1ms)
				BeforeProcessingInitializeOnLoad (83ms)
				ProcessInitializeOnLoadAttributes (665ms)
				ProcessInitializeOnLoadMethodAttributes (218ms)
				AfterProcessingInitializeOnLoad (11ms)
				EditorAssembliesLoaded (0ms)
			ExecutionOrderSort2 (0ms)
			AwakeInstancesAfterBackupRestoration (7ms)
Platform modules already initialized, skipping
Refreshing native plugins compatible for Editor in 0.98 ms, found 2 plugins.
Preloading 0 native plugins for Editor in 0.00 ms.
Unloading 2495 Unused Serialized files (Serialized files now loaded: 0)
Unloading 53 unused Assets / (23.1 KB). Loaded Objects now: 2992.
Memory consumption went from 101.6 MB to 101.6 MB.
Total: 8.314100 ms (FindLiveObjects: 0.370500 ms CreateObjectMapping: 0.309700 ms MarkObjects: 7.603400 ms  DeleteObjects: 0.029000 ms)

AssetImportParameters requested are different than current active one (requested -> active):
  custom:video-decoder-ogg-theora: a1e56fd34408186e4bbccfd4996cb3dc -> 
  custom:container-muxer-webm: aa71ff27fc2769a1b78a27578f13a17b -> 
  custom:container-demuxer-webm: 4f35f7cbe854078d1ac9338744f61a02 -> 
  custom:video-encoder-webm-vp8: eb34c28f22e8b96e1ab97ce403110664 -> 
  custom:CustomObjectIndexerAttribute: bc11b3a6c3213fcdd17b65e7da85e133 -> 
  custom:audio-encoder-webm-vorbis: bf7c407c2cedff20999df2af8eb42d56 -> 
  custom:framework-win-MediaFoundation: 216162199b28c13a410421893ffa2e32 -> 
  custom:SearchIndexIgnoredProperties: e643bd26f0fe6173181afceb89e7c659 -> 
  custom:container-demuxer-ogg: 62fdf1f143b41e24485cea50d1cbac27 -> 
  custom:video-decoder-webm-vp8: 9c59270c3fd7afecdb556c50c9e8de78 -> 
  custom:audio-decoder-ogg-vorbis: bf7c407c2cedff20999df2af8eb42d56 -> 
========================================================================
Received Import Request.
  Time since last request: 317.959630 seconds.
  path: Assets/PipeOut/Scenes/HomeScene.unity
  artifactKey: Guid(4dd7b23419e364348ae5e5bfc89c5d66) Importer(815301076,1909f56bfc062723c751e8b465ee728b)
Number of updated assets reloaded before import = 0
Start importing Assets/PipeOut/Scenes/HomeScene.unity using Guid(4dd7b23419e364348ae5e5bfc89c5d66) Importer(815301076,1909f56bfc062723c751e8b465ee728b)  -> (artifact id: '5c0bb25852b2896b690628c5c8f142d1') in 0.008665 seconds 
Number of asset objects unloaded after import = 0
========================================================================
Received Prepare
Registering precompiled user dll's ...
Registered in 0.010278 seconds.
Could not load signature of UnityEngine.Analytics.AnalyticsEventTracker:SendEvent due to: Could not resolve type with token 0100000a from typeref (expected class 'UnityEngine.Analytics.AnalyticsResult' in assembly 'UnityEngine.UnityAnalyticsModule, Version=0.0.0.0, Culture=neutral, PublicKeyToken=null') assembly:UnityEngine.UnityAnalyticsModule, Version=0.0.0.0, Culture=neutral, PublicKeyToken=null type:UnityEngine.Analytics.AnalyticsResult member:(null)
Begin MonoManager ReloadAssembly
Symbol file LoadedFromMemory is not a mono symbol file
Unable to load attribute info on method UnityEngine.ParticleEmitter:get_emit (). Are you missing a reference?
Could not load signature of UnityEngine.Analytics.AnalyticsEventTracker:SendEvent due to: Could not resolve type with token 0100000a from typeref (expected class 'UnityEngine.Analytics.AnalyticsResult' in assembly 'UnityEngine.UnityAnalyticsModule, Version=0.0.0.0, Culture=neutral, PublicKeyToken=null') assembly:UnityEngine.UnityAnalyticsModule, Version=0.0.0.0, Culture=neutral, PublicKeyToken=null type:UnityEngine.Analytics.AnalyticsResult member:(null)
Unloading broken assembly Assets/Plugins/UnityEngine.ParticlesLegacyModule.dll, this assembly can cause crashes in the runtime
Native extension for WindowsStandalone target not found
Native extension for iOS target not found
Native extension for Android target not found
Native extension for WebGL target not found
Refreshing native plugins compatible for Editor in 0.90 ms, found 2 plugins.
Preloading 0 native plugins for Editor in 0.00 ms.
[Package Manager] Server::EnsureServerProcessIsRunning -- launch failed, reason: Unity was launched with the -noUpm command-line argument
[Package Manager] Cannot connect to Unity Package Manager local server
Mono: successfully reloaded assembly
- Completed reload, in  1.972 seconds
Domain Reload Profiling:
	ReloadAssembly (1973ms)
		BeginReloadAssembly (231ms)
			ExecutionOrderSort (0ms)
			DisableScriptedObjects (10ms)
			BackupInstance (0ms)
			ReleaseScriptingObjects (0ms)
			CreateAndSetChildDomain (67ms)
		EndReloadAssembly (1607ms)
			LoadAssemblies (133ms)
			RebuildTransferFunctionScriptingTraits (0ms)
			SetupTypeCache (286ms)
			ReleaseScriptCaches (2ms)
			RebuildScriptCaches (67ms)
			SetupLoadedEditorAssemblies (1087ms)
				LogAssemblyErrors (0ms)
				InitializePlatformSupportModulesInManaged (44ms)
				SetLoadedEditorAssemblies (1ms)
				RefreshPlugins (1ms)
				BeforeProcessingInitializeOnLoad (82ms)
				ProcessInitializeOnLoadAttributes (682ms)
				ProcessInitializeOnLoadMethodAttributes (265ms)
				AfterProcessingInitializeOnLoad (13ms)
				EditorAssembliesLoaded (0ms)
			ExecutionOrderSort2 (0ms)
			AwakeInstancesAfterBackupRestoration (8ms)
Platform modules already initialized, skipping
Refreshing native plugins compatible for Editor in 0.92 ms, found 2 plugins.
Preloading 0 native plugins for Editor in 0.00 ms.
Unloading 2495 Unused Serialized files (Serialized files now loaded: 0)
Unloading 53 unused Assets / (23.0 KB). Loaded Objects now: 2995.
Memory consumption went from 101.6 MB to 101.6 MB.
Total: 13.619500 ms (FindLiveObjects: 0.468800 ms CreateObjectMapping: 0.278300 ms MarkObjects: 12.824100 ms  DeleteObjects: 0.046400 ms)

AssetImportParameters requested are different than current active one (requested -> active):
  custom:video-decoder-ogg-theora: a1e56fd34408186e4bbccfd4996cb3dc -> 
  custom:container-muxer-webm: aa71ff27fc2769a1b78a27578f13a17b -> 
  custom:container-demuxer-webm: 4f35f7cbe854078d1ac9338744f61a02 -> 
  custom:video-encoder-webm-vp8: eb34c28f22e8b96e1ab97ce403110664 -> 
  custom:CustomObjectIndexerAttribute: bc11b3a6c3213fcdd17b65e7da85e133 -> 
  custom:audio-encoder-webm-vorbis: bf7c407c2cedff20999df2af8eb42d56 -> 
  custom:framework-win-MediaFoundation: 216162199b28c13a410421893ffa2e32 -> 
  custom:SearchIndexIgnoredProperties: e643bd26f0fe6173181afceb89e7c659 -> 
  custom:container-demuxer-ogg: 62fdf1f143b41e24485cea50d1cbac27 -> 
  custom:video-decoder-webm-vp8: 9c59270c3fd7afecdb556c50c9e8de78 -> 
  custom:audio-decoder-ogg-vorbis: bf7c407c2cedff20999df2af8eb42d56 -> 
========================================================================
Received Import Request.
  Time since last request: 58.936170 seconds.
  path: Assets/PipeOut/Scenes/GameScene.unity
  artifactKey: Guid(8775cd7935277614c91b5ab720bef4da) Importer(815301076,1909f56bfc062723c751e8b465ee728b)
Number of updated assets reloaded before import = 0
Start importing Assets/PipeOut/Scenes/GameScene.unity using Guid(8775cd7935277614c91b5ab720bef4da) Importer(815301076,1909f56bfc062723c751e8b465ee728b)  -> (artifact id: 'f80dba029dd31b78898244b66e8e9b2d') in 0.009416 seconds 
Number of asset objects unloaded after import = 0
========================================================================
Received Import Request.
  Time since last request: 110.502745 seconds.
  path: Assets/Sprites/continueBtn.png
  artifactKey: Guid(1ebcec5af3d1443c827f5278b0d4d904) Importer(815301076,1909f56bfc062723c751e8b465ee728b)
Number of updated assets reloaded before import = 0
Start importing Assets/Sprites/continueBtn.png using Guid(1ebcec5af3d1443c827f5278b0d4d904) Importer(815301076,1909f56bfc062723c751e8b465ee728b)  -> (artifact id: '96c86e679c785d7aa1ddd1c6ef1f8009') in 0.099969 seconds 
Number of asset objects unloaded after import = 3
========================================================================
Received Import Request.
  Time since last request: 10.726868 seconds.
  path: Assets/Sprites/restartBtn.png
  artifactKey: Guid(48364c494e3b43619c6427940950033c) Importer(815301076,1909f56bfc062723c751e8b465ee728b)
Number of updated assets reloaded before import = 0
Start importing Assets/Sprites/restartBtn.png using Guid(48364c494e3b43619c6427940950033c) Importer(815301076,1909f56bfc062723c751e8b465ee728b)  -> (artifact id: '7f536652a71285c1cb0b195dc47cb518') in 0.015179 seconds 
Number of asset objects unloaded after import = 3
========================================================================
Received Import Request.
  Time since last request: 68.992172 seconds.
  path: Assets/Sprites/restartBtn.png
  artifactKey: Guid(48364c494e3b43619c6427940950033c) Importer(815301076,1909f56bfc062723c751e8b465ee728b)
Number of updated assets reloaded before import = 0
Start importing Assets/Sprites/restartBtn.png using Guid(48364c494e3b43619c6427940950033c) Importer(815301076,1909f56bfc062723c751e8b465ee728b)  -> (artifact id: '7231d939c62e70943683fa0baacad6df') in 0.018699 seconds 
Number of asset objects unloaded after import = 3
========================================================================
Received Import Request.
  Time since last request: 19.113982 seconds.
  path: Assets/Images 1/miaozidongmanti-regular SDF.asset
  artifactKey: Guid(0695f4b701ea7a646aaaf9025d0951d6) Importer(815301076,1909f56bfc062723c751e8b465ee728b)
Number of updated assets reloaded before import = 0
Start importing Assets/Images 1/miaozidongmanti-regular SDF.asset using Guid(0695f4b701ea7a646aaaf9025d0951d6) Importer(815301076,1909f56bfc062723c751e8b465ee728b)  -> (artifact id: '672f2c1ee119787e085c0d400faf912d') in 0.219290 seconds 
Number of asset objects unloaded after import = 6
========================================================================
Received Import Request.
  Time since last request: 30.036151 seconds.
  path: Assets/Sprites/message_popup.png
  artifactKey: Guid(238ed92bc6b1404b8b12e29cc1c9a03e) Importer(815301076,1909f56bfc062723c751e8b465ee728b)
Number of updated assets reloaded before import = 0
Start importing Assets/Sprites/message_popup.png using Guid(238ed92bc6b1404b8b12e29cc1c9a03e) Importer(815301076,1909f56bfc062723c751e8b465ee728b)  -> (artifact id: '87fd3550fd0cee5f74c2741f065a2815') in 0.022301 seconds 
Number of asset objects unloaded after import = 3
========================================================================
Received Import Request.
  Time since last request: 0.000026 seconds.
  path: Assets/Sprites/next_icon.png
  artifactKey: Guid(58c2c0be32964b22ae955d942469858f) Importer(815301076,1909f56bfc062723c751e8b465ee728b)
Number of updated assets reloaded before import = 0
Start importing Assets/Sprites/next_icon.png using Guid(58c2c0be32964b22ae955d942469858f) Importer(815301076,1909f56bfc062723c751e8b465ee728b)  -> (artifact id: '3a48e3dc5a2974e55e9ff6b2ca944eb3') in 0.029132 seconds 
Number of asset objects unloaded after import = 3
========================================================================
Received Import Request.
  Time since last request: 0.000021 seconds.
  path: Assets/Sprites/pipeBG.png
  artifactKey: Guid(b5cc5f920fb74411bb2d4c2b29a9dbd2) Importer(815301076,1909f56bfc062723c751e8b465ee728b)
Number of updated assets reloaded before import = 0
Start importing Assets/Sprites/pipeBG.png using Guid(b5cc5f920fb74411bb2d4c2b29a9dbd2) Importer(815301076,1909f56bfc062723c751e8b465ee728b)  -> (artifact id: 'c3e992f8992df0bdd3e8906d0f21f68f') in 0.016132 seconds 
Number of asset objects unloaded after import = 3
========================================================================
Received Import Request.
  Time since last request: 0.000020 seconds.
  path: Assets/Sprites/pupupBG2.png
  artifactKey: Guid(cbdcab9031094b7e93238e50867ad362) Importer(815301076,1909f56bfc062723c751e8b465ee728b)
Number of updated assets reloaded before import = 0
Start importing Assets/Sprites/pupupBG2.png using Guid(cbdcab9031094b7e93238e50867ad362) Importer(815301076,1909f56bfc062723c751e8b465ee728b)  -> (artifact id: '14710fdfcc1bb7684732ccb7b0022590') in 0.061830 seconds 
Number of asset objects unloaded after import = 3
========================================================================
Received Import Request.
  Time since last request: 0.000024 seconds.
  path: Assets/Sprites/playBG.png
  artifactKey: Guid(6788a831814a48d29a0c15c469c5dac2) Importer(815301076,1909f56bfc062723c751e8b465ee728b)
Number of updated assets reloaded before import = 0
Start importing Assets/Sprites/playBG.png using Guid(6788a831814a48d29a0c15c469c5dac2) Importer(815301076,1909f56bfc062723c751e8b465ee728b)  -> (artifact id: 'a73cf3f17751c0691c7298f57df407df') in 0.021334 seconds 
Number of asset objects unloaded after import = 3
========================================================================
Received Import Request.
  Time since last request: 0.000033 seconds.
  path: Assets/Sprites/musicOn.png
  artifactKey: Guid(f153ea1ced51428d9026d4ff8faa0e72) Importer(815301076,1909f56bfc062723c751e8b465ee728b)
Number of updated assets reloaded before import = 0
Start importing Assets/Sprites/musicOn.png using Guid(f153ea1ced51428d9026d4ff8faa0e72) Importer(815301076,1909f56bfc062723c751e8b465ee728b)  -> (artifact id: '3b353b863cbb8efdc75ec1ee52046fc2') in 0.014588 seconds 
Number of asset objects unloaded after import = 3
========================================================================
Received Import Request.
  Time since last request: 0.000021 seconds.
  path: Assets/Sprites/pupupBG1.png
  artifactKey: Guid(f2fc777df4ac468d8316c79b224024dd) Importer(815301076,1909f56bfc062723c751e8b465ee728b)
Number of updated assets reloaded before import = 0
Start importing Assets/Sprites/pupupBG1.png using Guid(f2fc777df4ac468d8316c79b224024dd) Importer(815301076,1909f56bfc062723c751e8b465ee728b)  -> (artifact id: '05c8dc53cd5434fa2699bb75d87248cb') in 0.066716 seconds 
Number of asset objects unloaded after import = 3
========================================================================
Received Import Request.
  Time since last request: 2.156565 seconds.
  path: Assets/Images 1/市场营销_ 媒体_ 运动员_ 社交的_ 视频_ 网站_ Yo_爱给网_aigei_com.png
  artifactKey: Guid(57614a3a94671bb429b6e6657de88ce3) Importer(815301076,1909f56bfc062723c751e8b465ee728b)
Number of updated assets reloaded before import = 0
Start importing Assets/Images 1/市场营销_ 媒体_ 运动员_ 社交的_ 视频_ 网站_ Yo_爱给网_aigei_com.png using Guid(57614a3a94671bb429b6e6657de88ce3) Importer(815301076,1909f56bfc062723c751e8b465ee728b)  -> (artifact id: '245371b1b2374d490ab1091d259fd6b6') in 0.042125 seconds 
Number of asset objects unloaded after import = 3
Editor requested this worker to shutdown with reason: Scaling down because of idle timeout
AssetImportWorker is now disconnected from the server
Process exiting
Exiting without the bug reporter. Application will terminate with return code 0